<?xml version="1.0" encoding="UTF-8"?>
<!-- Generated by org.testng.reporters.JUnitXMLReporter -->
<testsuite ignored="0" hostname="IBM-1QD8W44" failures="0" tests="3" name="Default test" time="18.236" errors="0" timestamp="2025-12-30T14:07:56 IST">
  <testcase classname="amazonweb.multipagetest" name="samsung" time="5.425"/>
  <testcase classname="amazonweb.multipagetest" name="scrolltoelement" time="3.089"/>
  <testcase classname="amazonweb.multipagetest" name="selectelement" time="8.578"/>
</testsuite> <!-- Default test -->
