<?xml version="1.0" encoding="UTF-8"?>
<!-- Generated by org.testng.reporters.JUnitReportReporter -->
<testsuite hostname="IBM-1QD8W44" failures="0" tests="4" name="amazonweb.multipagetest" time="27.815" errors="0" timestamp="2025-12-30T14:40:55 IST" skipped="0">
  <testcase classname="amazonweb.multipagetest" name="samsung" time="7.696"/>
  <testcase classname="amazonweb.multipagetest" name="scrolltoelement" time="3.107"/>
  <testcase classname="amazonweb.multipagetest" name="selectelement" time="11.319"/>
  <testcase classname="amazonweb.multipagetest" name="checkout" time="5.693"/>
</testsuite> <!-- amazonweb.multipagetest -->
